<?xml version="1.0" encoding="UTF-8"?>
<testng-results ignored="0" total="1" passed="1" failed="0" skipped="0">
  <reporter-output>
    <line>
      <![CDATA[Test 2]]>
    </line>
  </reporter-output>
  <suite started-at="2022-11-14T13:20:38 IST" name="Default suite" finished-at="2022-11-14T13:20:38 IST" duration-ms="52">
    <groups>
    </groups>
    <test started-at="2022-11-14T13:20:38 IST" name="Default test" finished-at="2022-11-14T13:20:38 IST" duration-ms="52">
      <class name="testNGBatchExecution.SecondTest">
        <test-method signature="secondTest()[pri:0, instance:testNGBatchExecution.SecondTest@4d910fd6]" started-at="2022-11-14T13:20:38 IST" name="secondTest" finished-at="2022-11-14T13:20:38 IST" duration-ms="9" status="PASS">
          <reporter-output>
            <line>
              <![CDATA[Test 2]]>
            </line>
          </reporter-output>
        </test-method> <!-- secondTest -->
      </class> <!-- testNGBatchExecution.SecondTest -->
    </test> <!-- Default test -->
  </suite> <!-- Default suite -->
</testng-results>
